TN:
SF:script/Counter.s.sol
FN:7,CounterScript.setUp
FNDA:0,CounterScript.setUp
FN:9,CounterScript.run
FNDA:0,CounterScript.run
DA:10,0
FNF:2
FNH:0
LF:1
LH:0
BRF:0
BRH:0
end_of_record
TN:
SF:src/OrderManager.sol
FN:20,OrderManager.addOrder
FNDA:1,OrderManager.addOrder
DA:25,1
DA:34,1
BRDA:34,0,0,-
BRDA:34,0,1,1
DA:36,1
DA:39,1
DA:42,1
DA:45,1
DA:47,1
DA:48,1
FN:51,OrderManager.executeOrders
FNDA:0,OrderManager.executeOrders
FN:55,OrderManager.getEligbleOrders
FNDA:0,OrderManager.getEligbleOrders
DA:57,0
DA:59,0
DA:60,0
DA:63,0
FNF:3
FNH:1
LF:12
LH:8
BRF:2
BRH:1
end_of_record
TN:
SF:src/YieldMate.sol
FN:5,YieldMate.deposit
FNDA:0,YieldMate.deposit
FNF:1
FNH:0
LF:0
LH:0
BRF:0
BRH:0
end_of_record
